{"failedCount":3,"prefixedPath":"classpath:thetestingacademy\/features\/GetCallDemo.feature","packageQualifiedName":"thetestingacademy.features.GetCallDemo","loopIndex":-1,"relativePath":"thetestingacademy\/features\/GetCallDemo.feature","scenarioResults":[{"sectionIndex":0,"stepResults":[{"result":{"nanos":314000,"millis":0.314,"status":"passed"},"step":{"background":true,"line":4,"prefix":"*","index":0,"text":"url 'https:\/\/reqres.in\/api\/'"},"stepLog":"09:42:03.214 karate.env system property was: null \n"},{"result":{"nanos":305400,"millis":0.3054,"status":"passed"},"step":{"line":7,"prefix":"Given","index":0,"text":"path \"users\/2\""}},{"result":{"nanos":189693500,"errorMessage":"http call failed after 189 milliseconds for url: https:\/\/reqres.in\/api\/users\/2\nclasspath:thetestingacademy\/features\/GetCallDemo.feature:8","millis":189.6935,"status":"failed"},"step":{"line":8,"prefix":"When","index":1,"text":"method Get"},"stepLog":"09:42:03.216 request:\n1 > GET https:\/\/reqres.in\/api\/users\/2\n1 > Host: reqres.in\n1 > Connection: Keep-Alive\n1 > User-Agent: Apache-HttpClient\/4.5.13 (Java\/1.8.0_312)\n1 > Accept-Encoding: gzip,deflate\n\n\n09:42:03.405 javax.net.ssl.SSLHandshakeException: PKIX path building failed: sun.security.provider.certpath.SunCertPathBuilderException: unable to find valid certification path to requested target, http call failed after 189 milliseconds for url: https:\/\/reqres.in\/api\/users\/2\n09:42:03.405 classpath:thetestingacademy\/features\/GetCallDemo.feature:8\nWhen method Get\nhttp call failed after 189 milliseconds for url: https:\/\/reqres.in\/api\/users\/2\nclasspath:thetestingacademy\/features\/GetCallDemo.feature:8\n"},{"result":{"nanos":0,"millis":0.0,"status":"skipped"},"step":{"line":9,"prefix":"Then","index":2,"text":"status 200"}}],"line":6,"description":"","durationMillis":190.3129,"failed":true,"error":"http call failed after 189 milliseconds for url: https:\/\/reqres.in\/api\/users\/2\nclasspath:thetestingacademy\/features\/GetCallDemo.feature:8","executorName":"main","name":"Get the details of User 2","startTime":1640850123213,"refId":"[1:6]","endTime":1640850123405,"exampleIndex":-1},{"sectionIndex":1,"stepResults":[{"result":{"nanos":146700,"millis":0.1467,"status":"passed"},"step":{"background":true,"line":4,"prefix":"*","index":0,"text":"url 'https:\/\/reqres.in\/api\/'"},"stepLog":"09:42:03.410 karate.env system property was: null \n"},{"result":{"nanos":48300,"millis":0.0483,"status":"passed"},"step":{"line":12,"prefix":"Given","index":0,"text":"path \"\/users\""}},{"result":{"nanos":158000,"millis":0.158,"status":"passed"},"step":{"line":13,"prefix":"Given","index":1,"text":"def expectedName = \"denysLebedev\""}},{"result":{"nanos":126300,"millis":0.1263,"status":"passed"},"step":{"endLine":20,"line":14,"prefix":"And","docString":"{\n\"name\": \"denysLebedev\",\n\"job\": \"leader\"\n}","index":2,"text":"request"}},{"result":{"nanos":188117200,"errorMessage":"http call failed after 188 milliseconds for url: https:\/\/reqres.in\/api\/users\nclasspath:thetestingacademy\/features\/GetCallDemo.feature:21","millis":188.1172,"status":"failed"},"step":{"line":21,"prefix":"When","index":3,"text":"method Post"},"stepLog":"09:42:03.412 request:\n1 > POST https:\/\/reqres.in\/api\/users\n1 > Content-Type: application\/json; charset=UTF-8\n1 > Content-Length: 38\n1 > Host: reqres.in\n1 > Connection: Keep-Alive\n1 > User-Agent: Apache-HttpClient\/4.5.13 (Java\/1.8.0_312)\n1 > Accept-Encoding: gzip,deflate\n{\"name\":\"denysLebedev\",\"job\":\"leader\"}\n\n09:42:03.599 javax.net.ssl.SSLHandshakeException: PKIX path building failed: sun.security.provider.certpath.SunCertPathBuilderException: unable to find valid certification path to requested target, http call failed after 188 milliseconds for url: https:\/\/reqres.in\/api\/users\n09:42:03.599 classpath:thetestingacademy\/features\/GetCallDemo.feature:21\nWhen method Post\nhttp call failed after 188 milliseconds for url: https:\/\/reqres.in\/api\/users\nclasspath:thetestingacademy\/features\/GetCallDemo.feature:21\n"},{"result":{"nanos":0,"millis":0.0,"status":"skipped"},"step":{"line":22,"prefix":"Then","index":4,"text":"status 201"}},{"result":{"nanos":0,"millis":0.0,"status":"skipped"},"step":{"line":23,"prefix":"Then","index":5,"text":"match $.name == expectedName"}}],"line":11,"description":"","durationMillis":188.5965,"failed":true,"error":"http call failed after 188 milliseconds for url: https:\/\/reqres.in\/api\/users\nclasspath:thetestingacademy\/features\/GetCallDemo.feature:21","executorName":"main","name":"Create a person","startTime":1640850123409,"refId":"[2:11]","endTime":1640850123599,"exampleIndex":-1},{"sectionIndex":2,"stepResults":[{"result":{"nanos":95100,"millis":0.0951,"status":"passed"},"step":{"background":true,"line":4,"prefix":"*","index":0,"text":"url 'https:\/\/reqres.in\/api\/'"},"stepLog":"09:42:03.605 karate.env system property was: null \n"},{"result":{"nanos":42000,"millis":0.042,"status":"passed"},"step":{"line":27,"prefix":"Given","index":0,"text":"path \"\/users\""}},{"result":{"nanos":61800,"millis":0.0618,"status":"passed"},"step":{"line":28,"prefix":"And","index":1,"text":"param \"page\" = \"2\""}},{"result":{"nanos":193230500,"errorMessage":"http call failed after 192 milliseconds for url: https:\/\/reqres.in\/api\/users?%22page%22=2\nclasspath:thetestingacademy\/features\/GetCallDemo.feature:29","millis":193.2305,"status":"failed"},"step":{"line":29,"prefix":"When","index":2,"text":"method Get"},"stepLog":"09:42:03.606 request:\n1 > GET https:\/\/reqres.in\/api\/users?%22page%22=2\n1 > Host: reqres.in\n1 > Connection: Keep-Alive\n1 > User-Agent: Apache-HttpClient\/4.5.13 (Java\/1.8.0_312)\n1 > Accept-Encoding: gzip,deflate\n\n\n09:42:03.797 javax.net.ssl.SSLHandshakeException: PKIX path building failed: sun.security.provider.certpath.SunCertPathBuilderException: unable to find valid certification path to requested target, http call failed after 192 milliseconds for url: https:\/\/reqres.in\/api\/users?%22page%22=2\n09:42:03.797 classpath:thetestingacademy\/features\/GetCallDemo.feature:29\nWhen method Get\nhttp call failed after 192 milliseconds for url: https:\/\/reqres.in\/api\/users?%22page%22=2\nclasspath:thetestingacademy\/features\/GetCallDemo.feature:29\n"},{"result":{"nanos":0,"millis":0.0,"status":"skipped"},"step":{"line":30,"prefix":"Then","index":3,"text":"status 200"}},{"result":{"nanos":0,"millis":0.0,"status":"skipped"},"step":{"line":31,"prefix":"Then","index":4,"text":"match response.total == 12"}}],"line":26,"description":"","durationMillis":193.4294,"failed":true,"error":"http call failed after 192 milliseconds for url: https:\/\/reqres.in\/api\/users?%22page%22=2\nclasspath:thetestingacademy\/features\/GetCallDemo.feature:29","tags":["debug2"],"executorName":"main","name":"Get a list of users","startTime":1640850123604,"refId":"[3:26]","endTime":1640850123797,"exampleIndex":-1}],"callDepth":0,"name":"Get the details of User 2","description":"","resultDate":"2021-12-30 09:42:03 AM","durationMillis":572.3388,"passedCount":0}