09:41:59.350 [main] DEBUG com.intuit.karate.Suite - [config] classpath:karate-config.js
09:42:00.430 [main] INFO  com.intuit.karate - karate.env system property was: null 
09:42:01.245 [main] DEBUG com.intuit.karate - request:
1 > GET https://reqres.in/api/users/2
1 > Host: reqres.in
1 > Connection: Keep-Alive
1 > User-Agent: Apache-HttpClient/4.5.13 (Java/1.8.0_312)
1 > Accept-Encoding: gzip,deflate


09:42:01.745 [main] ERROR com.intuit.karate - javax.net.ssl.SSLHandshakeException: PKIX path building failed: sun.security.provider.certpath.SunCertPathBuilderException: unable to find valid certification path to requested target, http call failed after 1269 milliseconds for url: https://reqres.in/api/users/2
09:42:01.745 [main] ERROR com.intuit.karate - classpath:thetestingacademy/features/GetCallDemo.feature:8
When method Get
http call failed after 1269 milliseconds for url: https://reqres.in/api/users/2
classpath:thetestingacademy/features/GetCallDemo.feature:8
09:42:01.772 [main] INFO  com.intuit.karate - karate.env system property was: null 
09:42:01.863 [main] DEBUG com.intuit.karate - request:
1 > POST https://reqres.in/api/users
1 > Content-Type: application/json; charset=UTF-8
1 > Content-Length: 38
1 > Host: reqres.in
1 > Connection: Keep-Alive
1 > User-Agent: Apache-HttpClient/4.5.13 (Java/1.8.0_312)
1 > Accept-Encoding: gzip,deflate
{"name":"denysLebedev","job":"leader"}

09:42:02.049 [main] ERROR com.intuit.karate - javax.net.ssl.SSLHandshakeException: PKIX path building failed: sun.security.provider.certpath.SunCertPathBuilderException: unable to find valid certification path to requested target, http call failed after 192 milliseconds for url: https://reqres.in/api/users
09:42:02.049 [main] ERROR com.intuit.karate - classpath:thetestingacademy/features/GetCallDemo.feature:21
When method Post
http call failed after 192 milliseconds for url: https://reqres.in/api/users
classpath:thetestingacademy/features/GetCallDemo.feature:21
09:42:02.057 [main] INFO  com.intuit.karate - karate.env system property was: null 
09:42:02.064 [main] DEBUG com.intuit.karate - request:
1 > GET https://reqres.in/api/users?%22page%22=2
1 > Host: reqres.in
1 > Connection: Keep-Alive
1 > User-Agent: Apache-HttpClient/4.5.13 (Java/1.8.0_312)
1 > Accept-Encoding: gzip,deflate


09:42:02.263 [main] ERROR com.intuit.karate - javax.net.ssl.SSLHandshakeException: PKIX path building failed: sun.security.provider.certpath.SunCertPathBuilderException: unable to find valid certification path to requested target, http call failed after 201 milliseconds for url: https://reqres.in/api/users?%22page%22=2
09:42:02.264 [main] ERROR com.intuit.karate - classpath:thetestingacademy/features/GetCallDemo.feature:29
When method Get
http call failed after 201 milliseconds for url: https://reqres.in/api/users?%22page%22=2
classpath:thetestingacademy/features/GetCallDemo.feature:29
09:42:02.819 [main] INFO  com.intuit.karate - karate.env system property was: null 
09:42:02.823 [main] DEBUG com.intuit.karate - request:
1 > GET https://jsonplaceholder.typicode.com/users
1 > Host: jsonplaceholder.typicode.com
1 > Connection: Keep-Alive
1 > User-Agent: Apache-HttpClient/4.5.13 (Java/1.8.0_312)
1 > Accept-Encoding: gzip,deflate


09:42:03.147 [main] ERROR com.intuit.karate - javax.net.ssl.SSLHandshakeException: PKIX path building failed: sun.security.provider.certpath.SunCertPathBuilderException: unable to find valid certification path to requested target, http call failed after 325 milliseconds for url: https://jsonplaceholder.typicode.com/users
09:42:03.147 [main] ERROR com.intuit.karate - classpath:thetestingacademy/features/persons.feature:9
When method get
http call failed after 325 milliseconds for url: https://jsonplaceholder.typicode.com/users
classpath:thetestingacademy/features/persons.feature:9
09:42:03.214 [main] INFO  com.intuit.karate - karate.env system property was: null 
09:42:03.216 [main] DEBUG com.intuit.karate - request:
1 > GET https://reqres.in/api/users/2
1 > Host: reqres.in
1 > Connection: Keep-Alive
1 > User-Agent: Apache-HttpClient/4.5.13 (Java/1.8.0_312)
1 > Accept-Encoding: gzip,deflate


09:42:03.404 [main] ERROR com.intuit.karate - javax.net.ssl.SSLHandshakeException: PKIX path building failed: sun.security.provider.certpath.SunCertPathBuilderException: unable to find valid certification path to requested target, http call failed after 189 milliseconds for url: https://reqres.in/api/users/2
09:42:03.405 [main] ERROR com.intuit.karate - classpath:thetestingacademy/features/GetCallDemo.feature:8
When method Get
http call failed after 189 milliseconds for url: https://reqres.in/api/users/2
classpath:thetestingacademy/features/GetCallDemo.feature:8
09:42:03.410 [main] INFO  com.intuit.karate - karate.env system property was: null 
09:42:03.412 [main] DEBUG com.intuit.karate - request:
1 > POST https://reqres.in/api/users
1 > Content-Type: application/json; charset=UTF-8
1 > Content-Length: 38
1 > Host: reqres.in
1 > Connection: Keep-Alive
1 > User-Agent: Apache-HttpClient/4.5.13 (Java/1.8.0_312)
1 > Accept-Encoding: gzip,deflate
{"name":"denysLebedev","job":"leader"}

09:42:03.599 [main] ERROR com.intuit.karate - javax.net.ssl.SSLHandshakeException: PKIX path building failed: sun.security.provider.certpath.SunCertPathBuilderException: unable to find valid certification path to requested target, http call failed after 188 milliseconds for url: https://reqres.in/api/users
09:42:03.599 [main] ERROR com.intuit.karate - classpath:thetestingacademy/features/GetCallDemo.feature:21
When method Post
http call failed after 188 milliseconds for url: https://reqres.in/api/users
classpath:thetestingacademy/features/GetCallDemo.feature:21
09:42:03.604 [main] INFO  com.intuit.karate - karate.env system property was: null 
09:42:03.606 [main] DEBUG com.intuit.karate - request:
1 > GET https://reqres.in/api/users?%22page%22=2
1 > Host: reqres.in
1 > Connection: Keep-Alive
1 > User-Agent: Apache-HttpClient/4.5.13 (Java/1.8.0_312)
1 > Accept-Encoding: gzip,deflate


09:42:03.797 [main] ERROR com.intuit.karate - javax.net.ssl.SSLHandshakeException: PKIX path building failed: sun.security.provider.certpath.SunCertPathBuilderException: unable to find valid certification path to requested target, http call failed after 192 milliseconds for url: https://reqres.in/api/users?%22page%22=2
09:42:03.797 [main] ERROR com.intuit.karate - classpath:thetestingacademy/features/GetCallDemo.feature:29
When method Get
http call failed after 192 milliseconds for url: https://reqres.in/api/users?%22page%22=2
classpath:thetestingacademy/features/GetCallDemo.feature:29
09:42:03.868 [main] INFO  com.intuit.karate - karate.env system property was: null 
09:42:03.870 [main] DEBUG com.intuit.karate - request:
1 > GET https://jsonplaceholder.typicode.com/users
1 > Host: jsonplaceholder.typicode.com
1 > Connection: Keep-Alive
1 > User-Agent: Apache-HttpClient/4.5.13 (Java/1.8.0_312)
1 > Accept-Encoding: gzip,deflate


09:42:04.063 [main] ERROR com.intuit.karate - javax.net.ssl.SSLHandshakeException: PKIX path building failed: sun.security.provider.certpath.SunCertPathBuilderException: unable to find valid certification path to requested target, http call failed after 194 milliseconds for url: https://jsonplaceholder.typicode.com/users
09:42:04.064 [main] ERROR com.intuit.karate - classpath:thetestingacademy/features/persons.feature:9
When method get
http call failed after 194 milliseconds for url: https://jsonplaceholder.typicode.com/users
classpath:thetestingacademy/features/persons.feature:9
